C:\Users\AllenHsu\Desktop\new drum\HandViewer\\bin\HandViewer.exe
C:\Users\AllenHsu\Desktop\new drum\HandViewer\\bin\HandViewer.exe.intermediate.manifest
C:\Users\AllenHsu\Desktop\new drum\HandViewer\\bin\HandViewer.exe.manifest
C:\Users\AllenHsu\Desktop\new drum\HandViewer\\bin\HandViewer.pdb
C:\Users\AllenHsu\Desktop\new drum\HandViewer\bin\cl.command.1.tlog
C:\Users\AllenHsu\Desktop\new drum\HandViewer\bin\CL.read.1.tlog
C:\Users\AllenHsu\Desktop\new drum\HandViewer\bin\CL.write.1.tlog
C:\USERS\ALLENHSU\DESKTOP\NEW DRUM\HANDVIEWER\BIN\HANDVIEWER.EXE
C:\USERS\ALLENHSU\DESKTOP\NEW DRUM\HANDVIEWER\BIN\HANDVIEWER.EXE.INTERMEDIATE.MANIFEST
C:\USERS\ALLENHSU\DESKTOP\NEW DRUM\HANDVIEWER\BIN\HANDVIEWER.EXE.MANIFEST
C:\USERS\ALLENHSU\DESKTOP\NEW DRUM\HANDVIEWER\BIN\HANDVIEWER.PDB
C:\Users\AllenHsu\Desktop\new drum\HandViewer\bin\HandViewer.vcxprojResolveAssemblyReference.cache
C:\Users\AllenHsu\Desktop\new drum\HandViewer\bin\HandViewer.write.1.tlog
C:\Users\AllenHsu\Desktop\new drum\HandViewer\bin\link.command.1.tlog
C:\Users\AllenHsu\Desktop\new drum\HandViewer\bin\link.read.1.tlog
C:\Users\AllenHsu\Desktop\new drum\HandViewer\bin\link.write.1.tlog
C:\USERS\ALLENHSU\DESKTOP\NEW DRUM\HANDVIEWER\BIN\MAIN.OBJ
C:\Users\AllenHsu\Desktop\new drum\HandViewer\bin\mt.command.1.tlog
C:\Users\AllenHsu\Desktop\new drum\HandViewer\bin\mt.read.1.tlog
C:\Users\AllenHsu\Desktop\new drum\HandViewer\bin\mt.write.1.tlog
C:\USERS\ALLENHSU\DESKTOP\NEW DRUM\HANDVIEWER\BIN\RTMIDI.OBJ
C:\Users\AllenHsu\Desktop\new drum\HandViewer\bin\vc100.idb
C:\USERS\ALLENHSU\DESKTOP\NEW DRUM\HANDVIEWER\BIN\VC100.PDB
C:\USERS\ALLENHSU\DESKTOP\NEW DRUM\HANDVIEWER\BIN\VIEWER.OBJ
